<?xml version="1.0" encoding="UTF-8"?>
<!-- Generated by org.testng.reporters.JUnitReportReporter -->
<testsuite hostname="DESKTOP-GU03B2P" failures="0" tests="1" name="testngPkg.ReadDataFromExcel" time="12.400" errors="0" timestamp="2023-02-14T12:31:27 IST" skipped="0">
  <testcase classname="testngPkg.ReadDataFromExcel" name="testMethod" time="12.400"/>
  <system-out/>
</testsuite> <!-- testngPkg.ReadDataFromExcel -->
